[08-Jun-2016 04:24:36 UTC] PHP Fatal error:  Call to undefined function get_template_url() in /srv/www/pinkdots/htdocs/wp-content/themes/pinkdots/nav.php on line 18
[08-Jun-2016 04:24:36 UTC] PHP Fatal error:  Call to undefined function get_template_url() in /srv/www/pinkdots/htdocs/wp-content/themes/pinkdots/nav.php on line 18
[08-Jun-2016 04:24:36 UTC] PHP Fatal error:  Call to undefined function get_template_url() in /srv/www/pinkdots/htdocs/wp-content/themes/pinkdots/nav.php on line 18
[08-Jun-2016 04:24:36 UTC] PHP Fatal error:  Call to undefined function get_template_url() in /srv/www/pinkdots/htdocs/wp-content/themes/pinkdots/nav.php on line 18
[08-Jun-2016 04:24:36 UTC] PHP Fatal error:  Call to undefined function get_template_url() in /srv/www/pinkdots/htdocs/wp-content/themes/pinkdots/nav.php on line 18
[08-Jun-2016 04:24:38 UTC] PHP Fatal error:  Call to undefined function get_template_url() in /srv/www/pinkdots/htdocs/wp-content/themes/pinkdots/nav.php on line 18
[08-Jun-2016 04:24:38 UTC] PHP Fatal error:  Call to undefined function get_template_url() in /srv/www/pinkdots/htdocs/wp-content/themes/pinkdots/nav.php on line 18
[08-Jun-2016 04:24:38 UTC] PHP Fatal error:  Call to undefined function get_template_url() in /srv/www/pinkdots/htdocs/wp-content/themes/pinkdots/nav.php on line 18
[08-Jun-2016 04:24:38 UTC] PHP Fatal error:  Call to undefined function get_template_url() in /srv/www/pinkdots/htdocs/wp-content/themes/pinkdots/nav.php on line 18
[08-Jun-2016 04:24:38 UTC] PHP Fatal error:  Call to undefined function get_template_url() in /srv/www/pinkdots/htdocs/wp-content/themes/pinkdots/nav.php on line 18
[08-Jun-2016 04:24:41 UTC] PHP Fatal error:  Call to undefined function get_template_uri() in /srv/www/pinkdots/htdocs/wp-content/themes/pinkdots/nav.php on line 18
[08-Jun-2016 04:24:41 UTC] PHP Fatal error:  Call to undefined function get_template_uri() in /srv/www/pinkdots/htdocs/wp-content/themes/pinkdots/nav.php on line 18
[08-Jun-2016 04:24:41 UTC] PHP Fatal error:  Call to undefined function get_template_uri() in /srv/www/pinkdots/htdocs/wp-content/themes/pinkdots/nav.php on line 18
[08-Jun-2016 04:24:42 UTC] PHP Fatal error:  Call to undefined function get_template_uri() in /srv/www/pinkdots/htdocs/wp-content/themes/pinkdots/nav.php on line 18
[08-Jun-2016 04:24:42 UTC] PHP Fatal error:  Call to undefined function get_template_uri() in /srv/www/pinkdots/htdocs/wp-content/themes/pinkdots/nav.php on line 18
[08-Jun-2016 05:10:01 UTC] PHP Parse error:  syntax error, unexpected ':', expecting ';' in /srv/www/pinkdots/htdocs/wp-content/themes/pinkdots/template-parts/content-home-services.php on line 37
[08-Jun-2016 05:12:20 UTC] PHP Notice:  Undefined variable: itemImage in /srv/www/pinkdots/htdocs/wp-content/themes/pinkdots/template-parts/content-home-services.php on line 35
[08-Jun-2016 05:12:20 UTC] PHP Notice:  Undefined variable: itemImage in /srv/www/pinkdots/htdocs/wp-content/themes/pinkdots/template-parts/content-home-services.php on line 35
[08-Jun-2016 05:12:20 UTC] PHP Notice:  Undefined variable: itemImage in /srv/www/pinkdots/htdocs/wp-content/themes/pinkdots/template-parts/content-home-services.php on line 35
[08-Jun-2016 05:12:20 UTC] PHP Notice:  Undefined variable: itemImage in /srv/www/pinkdots/htdocs/wp-content/themes/pinkdots/template-parts/content-home-services.php on line 35
[08-Jun-2016 05:12:20 UTC] PHP Notice:  Undefined variable: itemImage in /srv/www/pinkdots/htdocs/wp-content/themes/pinkdots/template-parts/content-home-services.php on line 35
[08-Jun-2016 05:12:20 UTC] PHP Notice:  Undefined variable: itemImage in /srv/www/pinkdots/htdocs/wp-content/themes/pinkdots/template-parts/content-home-services.php on line 35
[08-Jun-2016 05:12:20 UTC] PHP Notice:  Undefined variable: itemImage in /srv/www/pinkdots/htdocs/wp-content/themes/pinkdots/template-parts/content-home-services.php on line 35
[08-Jun-2016 05:12:20 UTC] PHP Notice:  Undefined variable: itemImage in /srv/www/pinkdots/htdocs/wp-content/themes/pinkdots/template-parts/content-home-services.php on line 35
[08-Jun-2016 05:12:37 UTC] PHP Notice:  Undefined variable: itemImage in /srv/www/pinkdots/htdocs/wp-content/themes/pinkdots/template-parts/content-home-services.php on line 35
[08-Jun-2016 05:12:37 UTC] PHP Notice:  Undefined variable: itemTitle in /srv/www/pinkdots/htdocs/wp-content/themes/pinkdots/template-parts/content-home-services.php on line 36
[08-Jun-2016 05:12:37 UTC] PHP Notice:  Undefined variable: itemDesc in /srv/www/pinkdots/htdocs/wp-content/themes/pinkdots/template-parts/content-home-services.php on line 37
[08-Jun-2016 05:12:37 UTC] PHP Notice:  Undefined variable: itemImage in /srv/www/pinkdots/htdocs/wp-content/themes/pinkdots/template-parts/content-home-services.php on line 35
[08-Jun-2016 05:12:37 UTC] PHP Notice:  Undefined variable: itemTitle in /srv/www/pinkdots/htdocs/wp-content/themes/pinkdots/template-parts/content-home-services.php on line 36
[08-Jun-2016 05:12:37 UTC] PHP Notice:  Undefined variable: itemDesc in /srv/www/pinkdots/htdocs/wp-content/themes/pinkdots/template-parts/content-home-services.php on line 37
[08-Jun-2016 05:12:37 UTC] PHP Notice:  Undefined variable: itemImage in /srv/www/pinkdots/htdocs/wp-content/themes/pinkdots/template-parts/content-home-services.php on line 35
[08-Jun-2016 05:12:37 UTC] PHP Notice:  Undefined variable: itemTitle in /srv/www/pinkdots/htdocs/wp-content/themes/pinkdots/template-parts/content-home-services.php on line 36
[08-Jun-2016 05:12:37 UTC] PHP Notice:  Undefined variable: itemDesc in /srv/www/pinkdots/htdocs/wp-content/themes/pinkdots/template-parts/content-home-services.php on line 37
[08-Jun-2016 05:12:37 UTC] PHP Notice:  Undefined variable: itemImage in /srv/www/pinkdots/htdocs/wp-content/themes/pinkdots/template-parts/content-home-services.php on line 35
[08-Jun-2016 05:12:37 UTC] PHP Notice:  Undefined variable: itemTitle in /srv/www/pinkdots/htdocs/wp-content/themes/pinkdots/template-parts/content-home-services.php on line 36
[08-Jun-2016 05:12:37 UTC] PHP Notice:  Undefined variable: itemDesc in /srv/www/pinkdots/htdocs/wp-content/themes/pinkdots/template-parts/content-home-services.php on line 37
[08-Jun-2016 05:12:37 UTC] PHP Notice:  Undefined variable: itemImage in /srv/www/pinkdots/htdocs/wp-content/themes/pinkdots/template-parts/content-home-services.php on line 35
[08-Jun-2016 05:12:37 UTC] PHP Notice:  Undefined variable: itemTitle in /srv/www/pinkdots/htdocs/wp-content/themes/pinkdots/template-parts/content-home-services.php on line 36
[08-Jun-2016 05:12:37 UTC] PHP Notice:  Undefined variable: itemDesc in /srv/www/pinkdots/htdocs/wp-content/themes/pinkdots/template-parts/content-home-services.php on line 37
[08-Jun-2016 05:12:37 UTC] PHP Notice:  Undefined variable: itemImage in /srv/www/pinkdots/htdocs/wp-content/themes/pinkdots/template-parts/content-home-services.php on line 35
[08-Jun-2016 05:12:37 UTC] PHP Notice:  Undefined variable: itemTitle in /srv/www/pinkdots/htdocs/wp-content/themes/pinkdots/template-parts/content-home-services.php on line 36
[08-Jun-2016 05:12:37 UTC] PHP Notice:  Undefined variable: itemDesc in /srv/www/pinkdots/htdocs/wp-content/themes/pinkdots/template-parts/content-home-services.php on line 37
[08-Jun-2016 05:12:37 UTC] PHP Notice:  Undefined variable: itemImage in /srv/www/pinkdots/htdocs/wp-content/themes/pinkdots/template-parts/content-home-services.php on line 35
[08-Jun-2016 05:12:37 UTC] PHP Notice:  Undefined variable: itemTitle in /srv/www/pinkdots/htdocs/wp-content/themes/pinkdots/template-parts/content-home-services.php on line 36
[08-Jun-2016 05:12:37 UTC] PHP Notice:  Undefined variable: itemDesc in /srv/www/pinkdots/htdocs/wp-content/themes/pinkdots/template-parts/content-home-services.php on line 37
[08-Jun-2016 05:12:37 UTC] PHP Notice:  Undefined variable: itemImage in /srv/www/pinkdots/htdocs/wp-content/themes/pinkdots/template-parts/content-home-services.php on line 35
[08-Jun-2016 05:12:37 UTC] PHP Notice:  Undefined variable: itemTitle in /srv/www/pinkdots/htdocs/wp-content/themes/pinkdots/template-parts/content-home-services.php on line 36
[08-Jun-2016 05:12:37 UTC] PHP Notice:  Undefined variable: itemDesc in /srv/www/pinkdots/htdocs/wp-content/themes/pinkdots/template-parts/content-home-services.php on line 37
[08-Jun-2016 05:33:01 UTC] PHP Notice:  Undefined variable: itemClass in /srv/www/pinkdots/htdocs/wp-content/themes/pinkdots/template-parts/content-home-samples.php on line 28
[08-Jun-2016 05:33:01 UTC] PHP Notice:  Undefined variable: itemTitle in /srv/www/pinkdots/htdocs/wp-content/themes/pinkdots/template-parts/content-home-samples.php on line 29
[08-Jun-2016 05:33:01 UTC] PHP Notice:  Undefined variable: itemClass in /srv/www/pinkdots/htdocs/wp-content/themes/pinkdots/template-parts/content-home-samples.php on line 28
[08-Jun-2016 05:33:01 UTC] PHP Notice:  Undefined variable: itemTitle in /srv/www/pinkdots/htdocs/wp-content/themes/pinkdots/template-parts/content-home-samples.php on line 29
[08-Jun-2016 05:34:00 UTC] PHP Notice:  Undefined variable: itemClass in /srv/www/pinkdots/htdocs/wp-content/themes/pinkdots/template-parts/content-home-samples.php on line 33
[08-Jun-2016 05:34:00 UTC] PHP Notice:  Undefined variable: itemTitle in /srv/www/pinkdots/htdocs/wp-content/themes/pinkdots/template-parts/content-home-samples.php on line 34
[08-Jun-2016 05:34:00 UTC] PHP Notice:  Undefined variable: itemClass in /srv/www/pinkdots/htdocs/wp-content/themes/pinkdots/template-parts/content-home-samples.php on line 33
[08-Jun-2016 05:34:00 UTC] PHP Notice:  Undefined variable: itemTitle in /srv/www/pinkdots/htdocs/wp-content/themes/pinkdots/template-parts/content-home-samples.php on line 34
